URI: / 
METHOD: GET
GET: <QueryDict: {'search': ['']}>
DEBUG INFO:  +          18554 function calls (17662 primitive calls) in 2.112 seconds

   Ordered by: cumulative time
   List reduced from 714 to 20 due to restriction <20>

   ncalls  tottime  percall  cumtime  percall filename:lineno(function)
      8/1    0.000    0.000    2.112    2.112 C:\Users\volod\AppData\Local\Programs\Python\Python38-32\lib\site-packages\django\core\handlers\exception.py:31(inner)
      7/1    0.000    0.000    2.112    2.112 C:\Users\volod\AppData\Local\Programs\Python\Python38-32\lib\site-packages\django\utils\deprecation.py:90(__call__)
        1    0.000    0.000    2.112    2.112 C:\Users\volod\AppData\Local\Programs\Python\Python38-32\lib\site-packages\django\core\handlers\base.py:85(_get_response)
        1    0.000    0.000    2.013    2.013 C:\Users\volod\AppData\Local\Programs\Python\Python38-32\lib\site-packages\django\views\generic\base.py:61(view)
        1    0.000    0.000    2.013    2.013 C:\Users\volod\AppData\Local\Programs\Python\Python38-32\lib\site-packages\django\views\generic\base.py:89(dispatch)
        1    0.000    0.000    2.013    2.013 C:\Users\volod\AppData\Local\Programs\Python\Python38-32\lib\site-packages\django\views\generic\list.py:141(get)
        1    0.000    0.000    2.012    2.012 C:\Users\volod\PycharmProjects\Web-App\src\accounts\views.py:19(get_queryset)
        1    2.012    2.012    2.012    2.012 {built-in method time.sleep}
        1    0.000    0.000    0.099    0.099 C:\Users\volod\AppData\Local\Programs\Python\Python38-32\lib\site-packages\django\template\response.py:96(render)
        1    0.000    0.000    0.099    0.099 C:\Users\volod\AppData\Local\Programs\Python\Python38-32\lib\site-packages\django\template\response.py:72(rendered_content)
        1    0.000    0.000    0.097    0.097 C:\Users\volod\AppData\Local\Programs\Python\Python38-32\lib\site-packages\django\template\backends\django.py:58(render)
        1    0.000    0.000    0.097    0.097 C:\Users\volod\AppData\Local\Programs\Python\Python38-32\lib\site-packages\django\template\base.py:165(render)
      2/1    0.000    0.000    0.097    0.097 C:\Users\volod\AppData\Local\Programs\Python\Python38-32\lib\site-packages\django\template\base.py:162(_render)
      4/1    0.000    0.000    0.097    0.097 C:\Users\volod\AppData\Local\Programs\Python\Python38-32\lib\site-packages\django\template\base.py:932(render)
    287/1    0.000    0.000    0.097    0.097 C:\Users\volod\AppData\Local\Programs\Python\Python38-32\lib\site-packages\django\template\base.py:895(render_annotated)
        1    0.000    0.000    0.097    0.097 C:\Users\volod\AppData\Local\Programs\Python\Python38-32\lib\site-packages\django\template\loader_tags.py:126(render)
        1    0.000    0.000    0.096    0.096 C:\Users\volod\AppData\Local\Programs\Python\Python38-32\lib\site-packages\django\template\loader_tags.py:48(render)
  654/418    0.000    0.000    0.085    0.000 {built-in method builtins.len}
        3    0.000    0.000    0.085    0.028 C:\Users\volod\AppData\Local\Programs\Python\Python38-32\lib\site-packages\django\db\models\query.py:257(__len__)
        4    0.000    0.000    0.085    0.021 C:\Users\volod\AppData\Local\Programs\Python\Python38-32\lib\site-packages\django\db\models\query.py:1259(_fetch_all)


 
____________________
URI: / 
METHOD: GET
GET: <QueryDict: {'search': ['']}>
DEBUG INFO:  +          18508 function calls (17616 primitive calls) in 3.142 seconds

   Ordered by: cumulative time
   List reduced from 710 to 20 due to restriction <20>

   ncalls  tottime  percall  cumtime  percall filename:lineno(function)
      8/1    0.000    0.000    3.142    3.142 C:\Users\volod\AppData\Local\Programs\Python\Python38-32\lib\site-packages\django\core\handlers\exception.py:31(inner)
      7/1    0.000    0.000    3.142    3.142 C:\Users\volod\AppData\Local\Programs\Python\Python38-32\lib\site-packages\django\utils\deprecation.py:90(__call__)
        1    0.000    0.000    3.142    3.142 C:\Users\volod\AppData\Local\Programs\Python\Python38-32\lib\site-packages\django\core\handlers\base.py:85(_get_response)
        1    0.000    0.000    3.008    3.008 C:\Users\volod\AppData\Local\Programs\Python\Python38-32\lib\site-packages\django\views\generic\base.py:61(view)
        1    0.000    0.000    3.008    3.008 C:\Users\volod\AppData\Local\Programs\Python\Python38-32\lib\site-packages\django\views\generic\base.py:89(dispatch)
        1    0.000    0.000    3.008    3.008 C:\Users\volod\AppData\Local\Programs\Python\Python38-32\lib\site-packages\django\views\generic\list.py:141(get)
        1    0.000    0.000    3.008    3.008 C:\Users\volod\PycharmProjects\Web-App\src\accounts\views.py:19(get_queryset)
        1    3.007    3.007    3.007    3.007 {built-in method time.sleep}
        1    0.000    0.000    0.134    0.134 C:\Users\volod\AppData\Local\Programs\Python\Python38-32\lib\site-packages\django\template\response.py:96(render)
        1    0.000    0.000    0.134    0.134 C:\Users\volod\AppData\Local\Programs\Python\Python38-32\lib\site-packages\django\template\response.py:72(rendered_content)
        1    0.000    0.000    0.129    0.129 C:\Users\volod\AppData\Local\Programs\Python\Python38-32\lib\site-packages\django\template\backends\django.py:58(render)
        1    0.000    0.000    0.129    0.129 C:\Users\volod\AppData\Local\Programs\Python\Python38-32\lib\site-packages\django\template\base.py:165(render)
      2/1    0.000    0.000    0.129    0.129 C:\Users\volod\AppData\Local\Programs\Python\Python38-32\lib\site-packages\django\template\base.py:162(_render)
      4/1    0.000    0.000    0.129    0.129 C:\Users\volod\AppData\Local\Programs\Python\Python38-32\lib\site-packages\django\template\base.py:932(render)
    287/1    0.000    0.000    0.129    0.129 C:\Users\volod\AppData\Local\Programs\Python\Python38-32\lib\site-packages\django\template\base.py:895(render_annotated)
        1    0.000    0.000    0.129    0.129 C:\Users\volod\AppData\Local\Programs\Python\Python38-32\lib\site-packages\django\template\loader_tags.py:126(render)
        1    0.000    0.000    0.125    0.125 C:\Users\volod\AppData\Local\Programs\Python\Python38-32\lib\site-packages\django\template\loader_tags.py:48(render)
  654/418    0.000    0.000    0.113    0.000 {built-in method builtins.len}
        3    0.000    0.000    0.113    0.038 C:\Users\volod\AppData\Local\Programs\Python\Python38-32\lib\site-packages\django\db\models\query.py:257(__len__)
        4    0.000    0.000    0.113    0.028 C:\Users\volod\AppData\Local\Programs\Python\Python38-32\lib\site-packages\django\db\models\query.py:1259(_fetch_all)


 
____________________
URI: / 
METHOD: GET
DEBUG INFO:  +          18460 function calls (17568 primitive calls) in 3.121 seconds

   Ordered by: cumulative time
   List reduced from 702 to 20 due to restriction <20>

   ncalls  tottime  percall  cumtime  percall filename:lineno(function)
      8/1    0.000    0.000    3.121    3.121 C:\Users\volod\AppData\Local\Programs\Python\Python38-32\lib\site-packages\django\core\handlers\exception.py:31(inner)
      7/1    0.000    0.000    3.121    3.121 C:\Users\volod\AppData\Local\Programs\Python\Python38-32\lib\site-packages\django\utils\deprecation.py:90(__call__)
        1    0.000    0.000    3.121    3.121 C:\Users\volod\AppData\Local\Programs\Python\Python38-32\lib\site-packages\django\core\handlers\base.py:85(_get_response)
        1    0.000    0.000    3.007    3.007 C:\Users\volod\AppData\Local\Programs\Python\Python38-32\lib\site-packages\django\views\generic\base.py:61(view)
        1    0.000    0.000    3.007    3.007 C:\Users\volod\AppData\Local\Programs\Python\Python38-32\lib\site-packages\django\views\generic\base.py:89(dispatch)
        1    0.000    0.000    3.007    3.007 C:\Users\volod\AppData\Local\Programs\Python\Python38-32\lib\site-packages\django\views\generic\list.py:141(get)
        1    0.000    0.000    3.007    3.007 C:\Users\volod\PycharmProjects\Web-App\src\accounts\views.py:19(get_queryset)
        1    3.007    3.007    3.007    3.007 {built-in method time.sleep}
        1    0.000    0.000    0.113    0.113 C:\Users\volod\AppData\Local\Programs\Python\Python38-32\lib\site-packages\django\template\response.py:96(render)
        1    0.000    0.000    0.113    0.113 C:\Users\volod\AppData\Local\Programs\Python\Python38-32\lib\site-packages\django\template\response.py:72(rendered_content)
        1    0.000    0.000    0.111    0.111 C:\Users\volod\AppData\Local\Programs\Python\Python38-32\lib\site-packages\django\template\backends\django.py:58(render)
        1    0.000    0.000    0.111    0.111 C:\Users\volod\AppData\Local\Programs\Python\Python38-32\lib\site-packages\django\template\base.py:165(render)
      2/1    0.000    0.000    0.111    0.111 C:\Users\volod\AppData\Local\Programs\Python\Python38-32\lib\site-packages\django\template\base.py:162(_render)
      4/1    0.000    0.000    0.111    0.111 C:\Users\volod\AppData\Local\Programs\Python\Python38-32\lib\site-packages\django\template\base.py:932(render)
    287/1    0.000    0.000    0.111    0.111 C:\Users\volod\AppData\Local\Programs\Python\Python38-32\lib\site-packages\django\template\base.py:895(render_annotated)
        1    0.000    0.000    0.111    0.111 C:\Users\volod\AppData\Local\Programs\Python\Python38-32\lib\site-packages\django\template\loader_tags.py:126(render)
        1    0.000    0.000    0.110    0.110 C:\Users\volod\AppData\Local\Programs\Python\Python38-32\lib\site-packages\django\template\loader_tags.py:48(render)
  653/417    0.000    0.000    0.097    0.000 {built-in method builtins.len}
        3    0.000    0.000    0.097    0.032 C:\Users\volod\AppData\Local\Programs\Python\Python38-32\lib\site-packages\django\db\models\query.py:257(__len__)
        4    0.000    0.000    0.097    0.024 C:\Users\volod\AppData\Local\Programs\Python\Python38-32\lib\site-packages\django\db\models\query.py:1259(_fetch_all)


 
____________________
URI: / 
METHOD: GET
DEBUG INFO:  +          34850 function calls (33780 primitive calls) in 2.135 seconds

   Ordered by: cumulative time
   List reduced from 957 to 20 due to restriction <20>

   ncalls  tottime  percall  cumtime  percall filename:lineno(function)
      8/1    0.000    0.000    2.135    2.135 C:\Users\volod\AppData\Local\Programs\Python\Python38-32\lib\site-packages\django\core\handlers\exception.py:31(inner)
      7/1    0.000    0.000    2.135    2.135 C:\Users\volod\AppData\Local\Programs\Python\Python38-32\lib\site-packages\django\utils\deprecation.py:90(__call__)
        1    0.000    0.000    2.135    2.135 C:\Users\volod\AppData\Local\Programs\Python\Python38-32\lib\site-packages\django\core\handlers\base.py:85(_get_response)
        1    0.000    0.000    2.015    2.015 C:\Users\volod\AppData\Local\Programs\Python\Python38-32\lib\site-packages\django\views\generic\base.py:61(view)
        1    0.000    0.000    2.015    2.015 C:\Users\volod\AppData\Local\Programs\Python\Python38-32\lib\site-packages\django\views\generic\base.py:89(dispatch)
        1    0.000    0.000    2.015    2.015 C:\Users\volod\AppData\Local\Programs\Python\Python38-32\lib\site-packages\django\views\generic\list.py:141(get)
        1    0.000    0.000    2.015    2.015 C:\Users\volod\PycharmProjects\Web-App\src\accounts\views.py:18(get_queryset)
        1    2.015    2.015    2.015    2.015 {built-in method time.sleep}
        1    0.000    0.000    0.119    0.119 C:\Users\volod\AppData\Local\Programs\Python\Python38-32\lib\site-packages\django\template\response.py:96(render)
        1    0.000    0.000    0.119    0.119 C:\Users\volod\AppData\Local\Programs\Python\Python38-32\lib\site-packages\django\template\response.py:72(rendered_content)
        1    0.000    0.000    0.103    0.103 C:\Users\volod\AppData\Local\Programs\Python\Python38-32\lib\site-packages\django\template\backends\django.py:58(render)
        1    0.000    0.000    0.103    0.103 C:\Users\volod\AppData\Local\Programs\Python\Python38-32\lib\site-packages\django\template\base.py:165(render)
      2/1    0.000    0.000    0.100    0.100 C:\Users\volod\AppData\Local\Programs\Python\Python38-32\lib\site-packages\django\template\base.py:162(_render)
      4/1    0.000    0.000    0.100    0.100 C:\Users\volod\AppData\Local\Programs\Python\Python38-32\lib\site-packages\django\template\base.py:932(render)
    287/1    0.000    0.000    0.100    0.100 C:\Users\volod\AppData\Local\Programs\Python\Python38-32\lib\site-packages\django\template\base.py:895(render_annotated)
        1    0.000    0.000    0.100    0.100 C:\Users\volod\AppData\Local\Programs\Python\Python38-32\lib\site-packages\django\template\loader_tags.py:126(render)
        1    0.000    0.000    0.096    0.096 C:\Users\volod\AppData\Local\Programs\Python\Python38-32\lib\site-packages\django\template\loader_tags.py:48(render)
  898/650    0.000    0.000    0.077    0.000 {built-in method builtins.len}
        3    0.000    0.000    0.077    0.026 C:\Users\volod\AppData\Local\Programs\Python\Python38-32\lib\site-packages\django\db\models\query.py:257(__len__)
        4    0.000    0.000    0.077    0.019 C:\Users\volod\AppData\Local\Programs\Python\Python38-32\lib\site-packages\django\db\models\query.py:1259(_fetch_all)


 
____________________
